<?xml version="1.0" encoding="UTF-8"?>
<testsuite xmlns:xsi="http://www.w3.org/2001/XMLSchema-instance" xsi:noNamespaceSchemaLocation="https://maven.apache.org/surefire/maven-surefire-plugin/xsd/surefire-test-report.xsd" version="3.0.2" name="TestSuite" time="9.566" tests="1" errors="0" skipped="0" failures="0">
  <properties>
    <property name="java.specification.version" value="23"/>
    <property name="sun.jnu.encoding" value="UTF-8"/>
    <property name="sun.awt.enableExtraMouseButtons" value="true"/>
    <property name="java.class.path" value="/Users/nowgg/eclipse-workspace/Opencart/target/test-classes:/Users/nowgg/eclipse-workspace/Opencart/target/classes:/Users/nowgg/.m2/repository/org/seleniumhq/selenium/selenium-java/4.33.0/selenium-java-4.33.0.jar:/Users/nowgg/.m2/repository/org/seleniumhq/selenium/selenium-api/4.33.0/selenium-api-4.33.0.jar:/Users/nowgg/.m2/repository/org/jspecify/jspecify/1.0.0/jspecify-1.0.0.jar:/Users/nowgg/.m2/repository/org/seleniumhq/selenium/selenium-chrome-driver/4.33.0/selenium-chrome-driver-4.33.0.jar:/Users/nowgg/.m2/repository/com/google/auto/service/auto-service-annotations/1.1.1/auto-service-annotations-1.1.1.jar:/Users/nowgg/.m2/repository/org/seleniumhq/selenium/selenium-chromium-driver/4.33.0/selenium-chromium-driver-4.33.0.jar:/Users/nowgg/.m2/repository/org/seleniumhq/selenium/selenium-json/4.33.0/selenium-json-4.33.0.jar:/Users/nowgg/.m2/repository/org/seleniumhq/selenium/selenium-manager/4.33.0/selenium-manager-4.33.0.jar:/Users/nowgg/.m2/repository/org/seleniumhq/selenium/selenium-devtools-v135/4.33.0/selenium-devtools-v135-4.33.0.jar:/Users/nowgg/.m2/repository/org/seleniumhq/selenium/selenium-devtools-v136/4.33.0/selenium-devtools-v136-4.33.0.jar:/Users/nowgg/.m2/repository/org/seleniumhq/selenium/selenium-devtools-v137/4.33.0/selenium-devtools-v137-4.33.0.jar:/Users/nowgg/.m2/repository/org/seleniumhq/selenium/selenium-edge-driver/4.33.0/selenium-edge-driver-4.33.0.jar:/Users/nowgg/.m2/repository/org/seleniumhq/selenium/selenium-firefox-driver/4.33.0/selenium-firefox-driver-4.33.0.jar:/Users/nowgg/.m2/repository/org/seleniumhq/selenium/selenium-http/4.33.0/selenium-http-4.33.0.jar:/Users/nowgg/.m2/repository/org/seleniumhq/selenium/selenium-ie-driver/4.33.0/selenium-ie-driver-4.33.0.jar:/Users/nowgg/.m2/repository/org/seleniumhq/selenium/selenium-remote-driver/4.33.0/selenium-remote-driver-4.33.0.jar:/Users/nowgg/.m2/repository/com/google/guava/guava/33.4.8-jre/guava-33.4.8-jre.jar:/Users/nowgg/.m2/repository/com/google/guava/failureaccess/1.0.3/failureaccess-1.0.3.jar:/Users/nowgg/.m2/repository/com/google/guava/listenablefuture/9999.0-empty-to-avoid-conflict-with-guava/listenablefuture-9999.0-empty-to-avoid-conflict-with-guava.jar:/Users/nowgg/.m2/repository/com/google/errorprone/error_prone_annotations/2.36.0/error_prone_annotations-2.36.0.jar:/Users/nowgg/.m2/repository/com/google/j2objc/j2objc-annotations/3.0.0/j2objc-annotations-3.0.0.jar:/Users/nowgg/.m2/repository/io/opentelemetry/opentelemetry-api/1.50.0/opentelemetry-api-1.50.0.jar:/Users/nowgg/.m2/repository/io/opentelemetry/opentelemetry-context/1.50.0/opentelemetry-context-1.50.0.jar:/Users/nowgg/.m2/repository/io/opentelemetry/opentelemetry-exporter-logging/1.50.0/opentelemetry-exporter-logging-1.50.0.jar:/Users/nowgg/.m2/repository/io/opentelemetry/opentelemetry-sdk-common/1.50.0/opentelemetry-sdk-common-1.50.0.jar:/Users/nowgg/.m2/repository/io/opentelemetry/opentelemetry-sdk-extension-autoconfigure-spi/1.50.0/opentelemetry-sdk-extension-autoconfigure-spi-1.50.0.jar:/Users/nowgg/.m2/repository/io/opentelemetry/opentelemetry-sdk-extension-autoconfigure/1.50.0/opentelemetry-sdk-extension-autoconfigure-1.50.0.jar:/Users/nowgg/.m2/repository/io/opentelemetry/opentelemetry-sdk-trace/1.50.0/opentelemetry-sdk-trace-1.50.0.jar:/Users/nowgg/.m2/repository/io/opentelemetry/opentelemetry-sdk/1.50.0/opentelemetry-sdk-1.50.0.jar:/Users/nowgg/.m2/repository/io/opentelemetry/opentelemetry-sdk-metrics/1.50.0/opentelemetry-sdk-metrics-1.50.0.jar:/Users/nowgg/.m2/repository/io/opentelemetry/opentelemetry-sdk-logs/1.50.0/opentelemetry-sdk-logs-1.50.0.jar:/Users/nowgg/.m2/repository/net/bytebuddy/byte-buddy/1.17.5/byte-buddy-1.17.5.jar:/Users/nowgg/.m2/repository/org/seleniumhq/selenium/selenium-os/4.33.0/selenium-os-4.33.0.jar:/Users/nowgg/.m2/repository/org/apache/commons/commons-exec/1.4.0/commons-exec-1.4.0.jar:/Users/nowgg/.m2/repository/org/seleniumhq/selenium/selenium-safari-driver/4.33.0/selenium-safari-driver-4.33.0.jar:/Users/nowgg/.m2/repository/org/seleniumhq/selenium/selenium-support/4.33.0/selenium-support-4.33.0.jar:/Users/nowgg/.m2/repository/org/apache/poi/poi/5.4.1/poi-5.4.1.jar:/Users/nowgg/.m2/repository/commons-codec/commons-codec/1.18.0/commons-codec-1.18.0.jar:/Users/nowgg/.m2/repository/org/apache/commons/commons-collections4/4.4/commons-collections4-4.4.jar:/Users/nowgg/.m2/repository/org/apache/commons/commons-math3/3.6.1/commons-math3-3.6.1.jar:/Users/nowgg/.m2/repository/commons-io/commons-io/2.18.0/commons-io-2.18.0.jar:/Users/nowgg/.m2/repository/com/zaxxer/SparseBitSet/1.3/SparseBitSet-1.3.jar:/Users/nowgg/.m2/repository/org/apache/poi/poi-ooxml/5.4.1/poi-ooxml-5.4.1.jar:/Users/nowgg/.m2/repository/org/apache/poi/poi-ooxml-lite/5.4.1/poi-ooxml-lite-5.4.1.jar:/Users/nowgg/.m2/repository/org/apache/xmlbeans/xmlbeans/5.3.0/xmlbeans-5.3.0.jar:/Users/nowgg/.m2/repository/org/apache/commons/commons-compress/1.27.1/commons-compress-1.27.1.jar:/Users/nowgg/.m2/repository/com/github/virtuald/curvesapi/1.08/curvesapi-1.08.jar:/Users/nowgg/.m2/repository/org/testng/testng/7.11.0/testng-7.11.0.jar:/Users/nowgg/.m2/repository/org/slf4j/slf4j-api/2.0.16/slf4j-api-2.0.16.jar:/Users/nowgg/.m2/repository/org/jcommander/jcommander/1.83/jcommander-1.83.jar:/Users/nowgg/.m2/repository/org/webjars/jquery/3.7.1/jquery-3.7.1.jar:/Users/nowgg/.m2/repository/com/aventstack/extentreports/5.1.2/extentreports-5.1.2.jar:/Users/nowgg/.m2/repository/io/reactivex/rxjava3/rxjava/3.1.6/rxjava-3.1.6.jar:/Users/nowgg/.m2/repository/org/reactivestreams/reactive-streams/1.0.4/reactive-streams-1.0.4.jar:/Users/nowgg/.m2/repository/org/freemarker/freemarker/2.3.32/freemarker-2.3.32.jar:/Users/nowgg/.m2/repository/org/projectlombok/lombok/1.18.26/lombok-1.18.26.jar:/Users/nowgg/.m2/repository/com/google/code/gson/gson/2.10.1/gson-2.10.1.jar:/Users/nowgg/.m2/repository/org/apache/commons/commons-lang3/3.17.0/commons-lang3-3.17.0.jar:/Users/nowgg/.m2/repository/org/apache/commons/commons-text/1.10.0/commons-text-1.10.0.jar:/Users/nowgg/.m2/repository/org/apache/logging/log4j/log4j-api/2.25.0/log4j-api-2.25.0.jar:/Users/nowgg/.m2/repository/org/apache/logging/log4j/log4j-core/2.25.0/log4j-core-2.25.0.jar:/Users/nowgg/.m2/repository/org/apache/commons/commons-email/1.6.0/commons-email-1.6.0.jar:/Users/nowgg/.m2/repository/com/sun/mail/jakarta.mail/1.6.7/jakarta.mail-1.6.7.jar:/Users/nowgg/.m2/repository/com/sun/activation/jakarta.activation/1.2.1/jakarta.activation-1.2.1.jar:"/>
    <property name="java.vm.vendor" value="Oracle Corporation"/>
    <property name="sun.arch.data.model" value="64"/>
    <property name="java.vendor.url" value="https://java.oracle.com/"/>
    <property name="user.timezone" value="Asia/Kolkata"/>
    <property name="os.name" value="Mac OS X"/>
    <property name="java.vm.specification.version" value="23"/>
    <property name="sun.java.launcher" value="SUN_STANDARD"/>
    <property name="user.country" value="IN"/>
    <property name="sun.boot.library.path" value="/Library/Java/JavaVirtualMachines/jdk-23.jdk/Contents/Home/lib"/>
    <property name="sun.java.command" value="/Users/nowgg/eclipse-workspace/Opencart/target/surefire/surefirebooter-20250718091908853_3.jar /Users/nowgg/eclipse-workspace/Opencart/target/surefire 2025-07-18T09-19-08_806-jvmRun1 surefire-20250718091908853_1tmp surefire_0-20250718091908853_2tmp"/>
    <property name="http.nonProxyHosts" value="local|*.local|169.254/16|*.169.254/16"/>
    <property name="jdk.debug" value="release"/>
    <property name="surefire.test.class.path" value="/Users/nowgg/eclipse-workspace/Opencart/target/test-classes:/Users/nowgg/eclipse-workspace/Opencart/target/classes:/Users/nowgg/.m2/repository/org/seleniumhq/selenium/selenium-java/4.33.0/selenium-java-4.33.0.jar:/Users/nowgg/.m2/repository/org/seleniumhq/selenium/selenium-api/4.33.0/selenium-api-4.33.0.jar:/Users/nowgg/.m2/repository/org/jspecify/jspecify/1.0.0/jspecify-1.0.0.jar:/Users/nowgg/.m2/repository/org/seleniumhq/selenium/selenium-chrome-driver/4.33.0/selenium-chrome-driver-4.33.0.jar:/Users/nowgg/.m2/repository/com/google/auto/service/auto-service-annotations/1.1.1/auto-service-annotations-1.1.1.jar:/Users/nowgg/.m2/repository/org/seleniumhq/selenium/selenium-chromium-driver/4.33.0/selenium-chromium-driver-4.33.0.jar:/Users/nowgg/.m2/repository/org/seleniumhq/selenium/selenium-json/4.33.0/selenium-json-4.33.0.jar:/Users/nowgg/.m2/repository/org/seleniumhq/selenium/selenium-manager/4.33.0/selenium-manager-4.33.0.jar:/Users/nowgg/.m2/repository/org/seleniumhq/selenium/selenium-devtools-v135/4.33.0/selenium-devtools-v135-4.33.0.jar:/Users/nowgg/.m2/repository/org/seleniumhq/selenium/selenium-devtools-v136/4.33.0/selenium-devtools-v136-4.33.0.jar:/Users/nowgg/.m2/repository/org/seleniumhq/selenium/selenium-devtools-v137/4.33.0/selenium-devtools-v137-4.33.0.jar:/Users/nowgg/.m2/repository/org/seleniumhq/selenium/selenium-edge-driver/4.33.0/selenium-edge-driver-4.33.0.jar:/Users/nowgg/.m2/repository/org/seleniumhq/selenium/selenium-firefox-driver/4.33.0/selenium-firefox-driver-4.33.0.jar:/Users/nowgg/.m2/repository/org/seleniumhq/selenium/selenium-http/4.33.0/selenium-http-4.33.0.jar:/Users/nowgg/.m2/repository/org/seleniumhq/selenium/selenium-ie-driver/4.33.0/selenium-ie-driver-4.33.0.jar:/Users/nowgg/.m2/repository/org/seleniumhq/selenium/selenium-remote-driver/4.33.0/selenium-remote-driver-4.33.0.jar:/Users/nowgg/.m2/repository/com/google/guava/guava/33.4.8-jre/guava-33.4.8-jre.jar:/Users/nowgg/.m2/repository/com/google/guava/failureaccess/1.0.3/failureaccess-1.0.3.jar:/Users/nowgg/.m2/repository/com/google/guava/listenablefuture/9999.0-empty-to-avoid-conflict-with-guava/listenablefuture-9999.0-empty-to-avoid-conflict-with-guava.jar:/Users/nowgg/.m2/repository/com/google/errorprone/error_prone_annotations/2.36.0/error_prone_annotations-2.36.0.jar:/Users/nowgg/.m2/repository/com/google/j2objc/j2objc-annotations/3.0.0/j2objc-annotations-3.0.0.jar:/Users/nowgg/.m2/repository/io/opentelemetry/opentelemetry-api/1.50.0/opentelemetry-api-1.50.0.jar:/Users/nowgg/.m2/repository/io/opentelemetry/opentelemetry-context/1.50.0/opentelemetry-context-1.50.0.jar:/Users/nowgg/.m2/repository/io/opentelemetry/opentelemetry-exporter-logging/1.50.0/opentelemetry-exporter-logging-1.50.0.jar:/Users/nowgg/.m2/repository/io/opentelemetry/opentelemetry-sdk-common/1.50.0/opentelemetry-sdk-common-1.50.0.jar:/Users/nowgg/.m2/repository/io/opentelemetry/opentelemetry-sdk-extension-autoconfigure-spi/1.50.0/opentelemetry-sdk-extension-autoconfigure-spi-1.50.0.jar:/Users/nowgg/.m2/repository/io/opentelemetry/opentelemetry-sdk-extension-autoconfigure/1.50.0/opentelemetry-sdk-extension-autoconfigure-1.50.0.jar:/Users/nowgg/.m2/repository/io/opentelemetry/opentelemetry-sdk-trace/1.50.0/opentelemetry-sdk-trace-1.50.0.jar:/Users/nowgg/.m2/repository/io/opentelemetry/opentelemetry-sdk/1.50.0/opentelemetry-sdk-1.50.0.jar:/Users/nowgg/.m2/repository/io/opentelemetry/opentelemetry-sdk-metrics/1.50.0/opentelemetry-sdk-metrics-1.50.0.jar:/Users/nowgg/.m2/repository/io/opentelemetry/opentelemetry-sdk-logs/1.50.0/opentelemetry-sdk-logs-1.50.0.jar:/Users/nowgg/.m2/repository/net/bytebuddy/byte-buddy/1.17.5/byte-buddy-1.17.5.jar:/Users/nowgg/.m2/repository/org/seleniumhq/selenium/selenium-os/4.33.0/selenium-os-4.33.0.jar:/Users/nowgg/.m2/repository/org/apache/commons/commons-exec/1.4.0/commons-exec-1.4.0.jar:/Users/nowgg/.m2/repository/org/seleniumhq/selenium/selenium-safari-driver/4.33.0/selenium-safari-driver-4.33.0.jar:/Users/nowgg/.m2/repository/org/seleniumhq/selenium/selenium-support/4.33.0/selenium-support-4.33.0.jar:/Users/nowgg/.m2/repository/org/apache/poi/poi/5.4.1/poi-5.4.1.jar:/Users/nowgg/.m2/repository/commons-codec/commons-codec/1.18.0/commons-codec-1.18.0.jar:/Users/nowgg/.m2/repository/org/apache/commons/commons-collections4/4.4/commons-collections4-4.4.jar:/Users/nowgg/.m2/repository/org/apache/commons/commons-math3/3.6.1/commons-math3-3.6.1.jar:/Users/nowgg/.m2/repository/commons-io/commons-io/2.18.0/commons-io-2.18.0.jar:/Users/nowgg/.m2/repository/com/zaxxer/SparseBitSet/1.3/SparseBitSet-1.3.jar:/Users/nowgg/.m2/repository/org/apache/poi/poi-ooxml/5.4.1/poi-ooxml-5.4.1.jar:/Users/nowgg/.m2/repository/org/apache/poi/poi-ooxml-lite/5.4.1/poi-ooxml-lite-5.4.1.jar:/Users/nowgg/.m2/repository/org/apache/xmlbeans/xmlbeans/5.3.0/xmlbeans-5.3.0.jar:/Users/nowgg/.m2/repository/org/apache/commons/commons-compress/1.27.1/commons-compress-1.27.1.jar:/Users/nowgg/.m2/repository/com/github/virtuald/curvesapi/1.08/curvesapi-1.08.jar:/Users/nowgg/.m2/repository/org/testng/testng/7.11.0/testng-7.11.0.jar:/Users/nowgg/.m2/repository/org/slf4j/slf4j-api/2.0.16/slf4j-api-2.0.16.jar:/Users/nowgg/.m2/repository/org/jcommander/jcommander/1.83/jcommander-1.83.jar:/Users/nowgg/.m2/repository/org/webjars/jquery/3.7.1/jquery-3.7.1.jar:/Users/nowgg/.m2/repository/com/aventstack/extentreports/5.1.2/extentreports-5.1.2.jar:/Users/nowgg/.m2/repository/io/reactivex/rxjava3/rxjava/3.1.6/rxjava-3.1.6.jar:/Users/nowgg/.m2/repository/org/reactivestreams/reactive-streams/1.0.4/reactive-streams-1.0.4.jar:/Users/nowgg/.m2/repository/org/freemarker/freemarker/2.3.32/freemarker-2.3.32.jar:/Users/nowgg/.m2/repository/org/projectlombok/lombok/1.18.26/lombok-1.18.26.jar:/Users/nowgg/.m2/repository/com/google/code/gson/gson/2.10.1/gson-2.10.1.jar:/Users/nowgg/.m2/repository/org/apache/commons/commons-lang3/3.17.0/commons-lang3-3.17.0.jar:/Users/nowgg/.m2/repository/org/apache/commons/commons-text/1.10.0/commons-text-1.10.0.jar:/Users/nowgg/.m2/repository/org/apache/logging/log4j/log4j-api/2.25.0/log4j-api-2.25.0.jar:/Users/nowgg/.m2/repository/org/apache/logging/log4j/log4j-core/2.25.0/log4j-core-2.25.0.jar:/Users/nowgg/.m2/repository/org/apache/commons/commons-email/1.6.0/commons-email-1.6.0.jar:/Users/nowgg/.m2/repository/com/sun/mail/jakarta.mail/1.6.7/jakarta.mail-1.6.7.jar:/Users/nowgg/.m2/repository/com/sun/activation/jakarta.activation/1.2.1/jakarta.activation-1.2.1.jar:"/>
    <property name="sun.cpu.endian" value="little"/>
    <property name="user.home" value="/Users/nowgg"/>
    <property name="user.language" value="en"/>
    <property name="java.specification.vendor" value="Oracle Corporation"/>
    <property name="java.version.date" value="2025-01-21"/>
    <property name="java.home" value="/Library/Java/JavaVirtualMachines/jdk-23.jdk/Contents/Home"/>
    <property name="file.separator" value="/"/>
    <property name="basedir" value="/Users/nowgg/eclipse-workspace/Opencart"/>
    <property name="java.vm.compressedOopsMode" value="Zero based"/>
    <property name="line.separator" value="&#10;"/>
    <property name="java.vm.specification.vendor" value="Oracle Corporation"/>
    <property name="java.specification.name" value="Java Platform API Specification"/>
    <property name="apple.awt.application.name" value="ForkedBooter"/>
    <property name="surefire.real.class.path" value="/Users/nowgg/eclipse-workspace/Opencart/target/surefire/surefirebooter-20250718091908853_3.jar"/>
    <property name="sun.management.compiler" value="HotSpot 64-Bit Tiered Compilers"/>
    <property name="ftp.nonProxyHosts" value="local|*.local|169.254/16|*.169.254/16"/>
    <property name="java.runtime.version" value="23.0.2+7-58"/>
    <property name="user.name" value="nowgg"/>
    <property name="stdout.encoding" value="UTF-8"/>
    <property name="path.separator" value=":"/>
    <property name="os.version" value="14.4.1"/>
    <property name="java.runtime.name" value="Java(TM) SE Runtime Environment"/>
    <property name="file.encoding" value="UTF-8"/>
    <property name="java.vm.name" value="Java HotSpot(TM) 64-Bit Server VM"/>
    <property name="localRepository" value="/Users/nowgg/.m2/repository"/>
    <property name="java.vendor.url.bug" value="https://bugreport.java.com/bugreport/"/>
    <property name="java.io.tmpdir" value="/var/folders/7b/95fd92r51mn1vtbrycyxb1sr0000gn/T/"/>
    <property name="java.version" value="23.0.2"/>
    <property name="user.dir" value="/Users/nowgg/eclipse-workspace/Opencart"/>
    <property name="os.arch" value="aarch64"/>
    <property name="java.vm.specification.name" value="Java Virtual Machine Specification"/>
    <property name="native.encoding" value="UTF-8"/>
    <property name="java.library.path" value="/Users/nowgg/Library/Java/Extensions:/Library/Java/Extensions:/Network/Library/Java/Extensions:/System/Library/Java/Extensions:/usr/lib/java:."/>
    <property name="java.vm.info" value="mixed mode, sharing"/>
    <property name="stderr.encoding" value="UTF-8"/>
    <property name="java.vendor" value="Oracle Corporation"/>
    <property name="java.vm.version" value="23.0.2+7-58"/>
    <property name="sun.io.unicode.encoding" value="UnicodeBig"/>
    <property name="socksNonProxyHosts" value="local|*.local|169.254/16|*.169.254/16"/>
    <property name="java.class.version" value="67.0"/>
  </properties>
  <testcase name="testLogin" classname="testCases.TC002_AccountLoginTest" time="1.604">
    <system-out><![CDATA[Starting ReportManager
target page value istrue
]]></system-out>
    <system-err><![CDATA[SLF4J(W): No SLF4J providers were found.
SLF4J(W): Defaulting to no-operation (NOP) logger implementation
SLF4J(W): See https://www.slf4j.org/codes.html#noProviders for further details.
Ability to run JUnit tests via TestNG was deprecated in v7.7.0 and is NOW being removed permanently. If you would like to run a mixture of TestNG and JUnit tests then please take a look at  https://github.com/junit-team/testng-engine which is now maintained by the JUnit team
Ability to run JUnit tests via TestNG was deprecated in v7.7.0 and is NOW being removed permanently. If you would like to run a mixture of TestNG and JUnit tests then please take a look at  https://github.com/junit-team/testng-engine which is now maintained by the JUnit team
Jul 18, 2025 9:19:15 AM org.openqa.selenium.devtools.CdpVersionFinder findNearestMatch
WARNING: Unable to find an exact match for CDP version 138, returning the closest version; found: 137; Please update to a Selenium version that supports CDP version 138
]]></system-err>
  </testcase>
</testsuite>