<?xml version="1.0" encoding="UTF-8"?>
<!-- Generated by org.testng.reporters.JUnitReportReporter -->
<testsuite hostname="NowGGs-MacBook-Pro.local" failures="0" tests="1" name="testCases.TC001_AccountRegistrationTest" time="1.491" errors="0" timestamp="2025-07-12T12:13:26 IST" skipped="0">
  <testcase classname="testCases.TC001_AccountRegistrationTest" name="testRegistration" time="1.491"/>
</testsuite> <!-- testCases.TC001_AccountRegistrationTest -->
