<?xml version="1.0" encoding="UTF-8"?>
<!-- Generated by org.testng.reporters.JUnitReportReporter -->
<testsuite hostname="NowGGs-MacBook-Pro.local" failures="0" tests="1" name="testCases.TC002_AccountLoginTest" time="3.184" errors="0" timestamp="2025-07-16T14:10:12 IST" skipped="0">
  <testcase classname="testCases.TC002_AccountLoginTest" name="testLogin" time="3.184"/>
</testsuite> <!-- testCases.TC002_AccountLoginTest -->
